-------------------------------------------------------------------------------
Test set: runner.BaseRunner
-------------------------------------------------------------------------------
Tests run: 3, Failures: 1, Errors: 0, Skipped: 0, Time elapsed: 109.875 s <<< FAILURE! - in runner.BaseRunner
runScenario(runner.BaseRunner)  Time elapsed: 24.901 s  <<< FAILURE!
cucumber.runtime.CucumberException: 
Step [filter by specific brand {string} and colour] is defined with 2 parameters at 'stepdef.StepDefinitionWeb.filter_by_specific_brand_and_colour(String,String) in file:/C:/Users/User/eclipse-workspace/MoulikaDemoProject/target/test-classes/'.
However, the gherkin step has 1 arguments:
 * "Garmin"
Step text: filter by specific brand "Garmin" and colour

