<?xml version="1.0" encoding="UTF-8"?>
<testng-results ignored="0" total="0" passed="0" failed="0" skipped="0">
  <reporter-output>
  </reporter-output>
  <suite started-at="2021-11-06T11:01:29Z" name="utilities.BaseTest" finished-at="2021-11-06T11:01:29Z" duration-ms="7">
    <groups>
    </groups>
    <test started-at="2021-11-06T11:01:29Z" name="Command line test" finished-at="2021-11-06T11:01:29Z" duration-ms="7">
    </test> <!-- Command line test -->
  </suite> <!-- utilities.BaseTest -->
</testng-results>
